<?xml version="1.0" encoding="UTF-8"?>
<robot generator="Robot 6.0.1 (Python 3.8.10 on win32)" generated="20221128 01:26:32.029" rpa="false" schemaversion="3">
<suite id="s1" name="CreateBooking" source="D:\Testing Documents\TestAutomation\Restfulbooker\Testcases\CreateBooking.robot">
<kw name="CreateMethod" type="SETUP">
<kw name="Create Session" library="RequestsLibrary">
<arg>AddData</arg>
<arg>${Base_Url}</arg>
<doc>Create Session: create a HTTP session to a server</doc>
<msg timestamp="20221128 01:26:34.935" level="INFO">Creating Session using : alias=AddData, url=https://restful-booker.herokuapp.com, headers={},                     cookies={}, auth=None, timeout=None, proxies=None, verify=False,                     debug=0 </msg>
<status status="PASS" starttime="20221128 01:26:34.934" endtime="20221128 01:26:34.935"/>
</kw>
<status status="PASS" starttime="20221128 01:26:34.933" endtime="20221128 01:26:34.936"/>
</kw>
<test id="s1-t1" name="Create_Booking" line="11">
<kw name="PostMethod">
<arg>Mahek</arg>
<arg>Sayyed</arg>
<arg>3000</arg>
<arg>2000</arg>
<arg>Breakfast</arg>
<arg>2022-12-03 00:00:00</arg>
<arg>2022-12-04 00:00:00</arg>
<kw name="Create Dictionary" library="BuiltIn">
<var>${bookingdates}</var>
<arg>checkin=${checkin}</arg>
<arg>checkout=${checkout}</arg>
<doc>Creates and returns a dictionary based on the given ``items``.</doc>
<msg timestamp="20221128 01:26:34.942" level="INFO">${bookingdates} = {'checkin': '2022-12-03 00:00:00', 'checkout': '2022-12-04 00:00:00'}</msg>
<status status="PASS" starttime="20221128 01:26:34.941" endtime="20221128 01:26:34.942"/>
</kw>
<kw name="Create Dictionary" library="BuiltIn">
<var>${body}</var>
<arg>firstname=${firstname}</arg>
<arg>lastname=${lastname}</arg>
<arg>totalprice=${totalprice}</arg>
<arg>depositpaid=${depositpaid}</arg>
<arg>additionalneeds=${additionalneeds}</arg>
<arg>bookingdates=${bookingdates}</arg>
<doc>Creates and returns a dictionary based on the given ``items``.</doc>
<msg timestamp="20221128 01:26:34.944" level="INFO">${body} = {'firstname': 'Mahek', 'lastname': 'Sayyed', 'totalprice': '3000', 'depositpaid': '2000', 'additionalneeds': 'Breakfast', 'bookingdates': {'checkin': '2022-12-03 00:00:00', 'checkout': '2022-12-04 00:...</msg>
<status status="PASS" starttime="20221128 01:26:34.942" endtime="20221128 01:26:34.944"/>
</kw>
<kw name="Create Dictionary" library="BuiltIn">
<var>${header}</var>
<arg>Content-Type=application/json</arg>
<doc>Creates and returns a dictionary based on the given ``items``.</doc>
<msg timestamp="20221128 01:26:34.944" level="INFO">${header} = {'Content-Type': 'application/json'}</msg>
<status status="PASS" starttime="20221128 01:26:34.944" endtime="20221128 01:26:34.944"/>
</kw>
<kw name="POST On Session" library="RequestsLibrary">
<var>${response}</var>
<arg>AddData</arg>
<arg>${Pathpara}</arg>
<arg>json=${body}</arg>
<arg>headers=${header}</arg>
<doc>Sends a POST request on a previously created HTTP Session.</doc>
<msg timestamp="20221128 01:26:36.379" level="INFO">POST Request : url=https://restful-booker.herokuapp.com/booking 
 path_url=/booking 
 headers={'User-Agent': 'python-requests/2.28.1', 'Accept-Encoding': 'gzip, deflate', 'Accept': '*/*', 'Connection': 'keep-alive', 'Content-Type': 'application/json', 'Content-Length': '208'} 
 body=b'{"firstname": "Mahek", "lastname": "Sayyed", "totalprice": "3000", "depositpaid": "2000", "additionalneeds": "Breakfast", "bookingdates": {"checkin": "2022-12-03 00:00:00", "checkout": "2022-12-04 00:00:00"}}' 
 </msg>
<msg timestamp="20221128 01:26:36.380" level="INFO">POST Response : url=https://restful-booker.herokuapp.com/booking 
 status=200, reason=OK 
 headers={'Server': 'Cowboy', 'Connection': 'keep-alive', 'X-Powered-By': 'Express', 'Content-Type': 'application/json; charset=utf-8', 'Content-Length': '200', 'Etag': 'W/"c8-0TkS2C/vUSWz3iZ4+Cm2jGEJUdo"', 'Date': 'Mon, 28 Nov 2022 09:26:35 GMT', 'Via': '1.1 vegur'} 
 body={"bookingid":681,"booking":{"firstname":"Mahek","lastname":"Sayyed","totalprice":3000,"depositpaid":true,"bookingdates":{"checkin":"2022-12-03","checkout":"2022-12-04"},"additionalneeds":"Breakfast"}} 
 </msg>
<msg timestamp="20221128 01:26:36.380" level="INFO">c:\users\sony\appdata\local\programs\python\python38\lib\site-packages\urllib3\connectionpool.py:1045: InsecureRequestWarning: Unverified HTTPS request is being made to host 'restful-booker.herokuapp.com'. Adding certificate verification is strongly advised. See: https://urllib3.readthedocs.io/en/1.26.x/advanced-usage.html#ssl-warnings
  warnings.warn(</msg>
<msg timestamp="20221128 01:26:36.381" level="INFO">${response} = &lt;Response [200]&gt;</msg>
<status status="PASS" starttime="20221128 01:26:34.945" endtime="20221128 01:26:36.381"/>
</kw>
<kw name="Log To Console" library="BuiltIn">
<arg>${response.status_code}</arg>
<doc>Logs the given message to the console.</doc>
<status status="PASS" starttime="20221128 01:26:36.381" endtime="20221128 01:26:36.383"/>
</kw>
<kw name="Log To Console" library="BuiltIn">
<arg>${response.content}</arg>
<doc>Logs the given message to the console.</doc>
<status status="PASS" starttime="20221128 01:26:36.383" endtime="20221128 01:26:36.384"/>
</kw>
<status status="PASS" starttime="20221128 01:26:34.939" endtime="20221128 01:26:36.385"/>
</kw>
<status status="PASS" starttime="20221128 01:26:34.936" endtime="20221128 01:26:36.385"/>
</test>
<test id="s1-t2" name="Create_Booking" line="11">
<kw name="PostMethod">
<arg>Ayesha</arg>
<arg>Ali</arg>
<arg>1000</arg>
<arg>900</arg>
<arg>Lunch</arg>
<arg>2022-12-10 00:00:00</arg>
<arg>2022-12-12 00:00:00</arg>
<kw name="Create Dictionary" library="BuiltIn">
<var>${bookingdates}</var>
<arg>checkin=${checkin}</arg>
<arg>checkout=${checkout}</arg>
<doc>Creates and returns a dictionary based on the given ``items``.</doc>
<msg timestamp="20221128 01:26:36.391" level="INFO">${bookingdates} = {'checkin': '2022-12-10 00:00:00', 'checkout': '2022-12-12 00:00:00'}</msg>
<status status="PASS" starttime="20221128 01:26:36.390" endtime="20221128 01:26:36.391"/>
</kw>
<kw name="Create Dictionary" library="BuiltIn">
<var>${body}</var>
<arg>firstname=${firstname}</arg>
<arg>lastname=${lastname}</arg>
<arg>totalprice=${totalprice}</arg>
<arg>depositpaid=${depositpaid}</arg>
<arg>additionalneeds=${additionalneeds}</arg>
<arg>bookingdates=${bookingdates}</arg>
<doc>Creates and returns a dictionary based on the given ``items``.</doc>
<msg timestamp="20221128 01:26:36.393" level="INFO">${body} = {'firstname': 'Ayesha', 'lastname': 'Ali', 'totalprice': '1000', 'depositpaid': '900', 'additionalneeds': 'Lunch', 'bookingdates': {'checkin': '2022-12-10 00:00:00', 'checkout': '2022-12-12 00:00:00'}...</msg>
<status status="PASS" starttime="20221128 01:26:36.392" endtime="20221128 01:26:36.393"/>
</kw>
<kw name="Create Dictionary" library="BuiltIn">
<var>${header}</var>
<arg>Content-Type=application/json</arg>
<doc>Creates and returns a dictionary based on the given ``items``.</doc>
<msg timestamp="20221128 01:26:36.394" level="INFO">${header} = {'Content-Type': 'application/json'}</msg>
<status status="PASS" starttime="20221128 01:26:36.393" endtime="20221128 01:26:36.394"/>
</kw>
<kw name="POST On Session" library="RequestsLibrary">
<var>${response}</var>
<arg>AddData</arg>
<arg>${Pathpara}</arg>
<arg>json=${body}</arg>
<arg>headers=${header}</arg>
<doc>Sends a POST request on a previously created HTTP Session.</doc>
<msg timestamp="20221128 01:26:36.655" level="INFO">POST Request : url=https://restful-booker.herokuapp.com/booking 
 path_url=/booking 
 headers={'User-Agent': 'python-requests/2.28.1', 'Accept-Encoding': 'gzip, deflate', 'Accept': '*/*', 'Connection': 'keep-alive', 'Content-Type': 'application/json', 'Content-Length': '201'} 
 body=b'{"firstname": "Ayesha", "lastname": "Ali", "totalprice": "1000", "depositpaid": "900", "additionalneeds": "Lunch", "bookingdates": {"checkin": "2022-12-10 00:00:00", "checkout": "2022-12-12 00:00:00"}}' 
 </msg>
<msg timestamp="20221128 01:26:36.655" level="INFO">POST Response : url=https://restful-booker.herokuapp.com/booking 
 status=200, reason=OK 
 headers={'Server': 'Cowboy', 'Connection': 'keep-alive', 'X-Powered-By': 'Express', 'Content-Type': 'application/json; charset=utf-8', 'Content-Length': '194', 'Etag': 'W/"c2-4cH1KE/lxKJXX+VdIePfWrGdS48"', 'Date': 'Mon, 28 Nov 2022 09:26:35 GMT', 'Via': '1.1 vegur'} 
 body={"bookingid":682,"booking":{"firstname":"Ayesha","lastname":"Ali","totalprice":1000,"depositpaid":true,"bookingdates":{"checkin":"2022-12-10","checkout":"2022-12-12"},"additionalneeds":"Lunch"}} 
 </msg>
<msg timestamp="20221128 01:26:36.655" level="INFO">c:\users\sony\appdata\local\programs\python\python38\lib\site-packages\urllib3\connectionpool.py:1045: InsecureRequestWarning: Unverified HTTPS request is being made to host 'restful-booker.herokuapp.com'. Adding certificate verification is strongly advised. See: https://urllib3.readthedocs.io/en/1.26.x/advanced-usage.html#ssl-warnings
  warnings.warn(</msg>
<msg timestamp="20221128 01:26:36.655" level="INFO">${response} = &lt;Response [200]&gt;</msg>
<status status="PASS" starttime="20221128 01:26:36.394" endtime="20221128 01:26:36.655"/>
</kw>
<kw name="Log To Console" library="BuiltIn">
<arg>${response.status_code}</arg>
<doc>Logs the given message to the console.</doc>
<status status="PASS" starttime="20221128 01:26:36.656" endtime="20221128 01:26:36.657"/>
</kw>
<kw name="Log To Console" library="BuiltIn">
<arg>${response.content}</arg>
<doc>Logs the given message to the console.</doc>
<status status="PASS" starttime="20221128 01:26:36.658" endtime="20221128 01:26:36.659"/>
</kw>
<status status="PASS" starttime="20221128 01:26:36.389" endtime="20221128 01:26:36.659"/>
</kw>
<status status="PASS" starttime="20221128 01:26:36.386" endtime="20221128 01:26:36.659"/>
</test>
<test id="s1-t3" name="Create_Booking" line="11">
<kw name="PostMethod">
<arg>Mudassir</arg>
<arg>Sayyed</arg>
<arg>1500</arg>
<arg>700</arg>
<arg>Dinner</arg>
<arg>2022-12-14 00:00:00</arg>
<arg>2022-12-15 00:00:00</arg>
<kw name="Create Dictionary" library="BuiltIn">
<var>${bookingdates}</var>
<arg>checkin=${checkin}</arg>
<arg>checkout=${checkout}</arg>
<doc>Creates and returns a dictionary based on the given ``items``.</doc>
<msg timestamp="20221128 01:26:36.665" level="INFO">${bookingdates} = {'checkin': '2022-12-14 00:00:00', 'checkout': '2022-12-15 00:00:00'}</msg>
<status status="PASS" starttime="20221128 01:26:36.664" endtime="20221128 01:26:36.665"/>
</kw>
<kw name="Create Dictionary" library="BuiltIn">
<var>${body}</var>
<arg>firstname=${firstname}</arg>
<arg>lastname=${lastname}</arg>
<arg>totalprice=${totalprice}</arg>
<arg>depositpaid=${depositpaid}</arg>
<arg>additionalneeds=${additionalneeds}</arg>
<arg>bookingdates=${bookingdates}</arg>
<doc>Creates and returns a dictionary based on the given ``items``.</doc>
<msg timestamp="20221128 01:26:36.666" level="INFO">${body} = {'firstname': 'Mudassir', 'lastname': 'Sayyed', 'totalprice': '1500', 'depositpaid': '700', 'additionalneeds': 'Dinner', 'bookingdates': {'checkin': '2022-12-14 00:00:00', 'checkout': '2022-12-15 00:0...</msg>
<status status="PASS" starttime="20221128 01:26:36.665" endtime="20221128 01:26:36.666"/>
</kw>
<kw name="Create Dictionary" library="BuiltIn">
<var>${header}</var>
<arg>Content-Type=application/json</arg>
<doc>Creates and returns a dictionary based on the given ``items``.</doc>
<msg timestamp="20221128 01:26:36.667" level="INFO">${header} = {'Content-Type': 'application/json'}</msg>
<status status="PASS" starttime="20221128 01:26:36.667" endtime="20221128 01:26:36.667"/>
</kw>
<kw name="POST On Session" library="RequestsLibrary">
<var>${response}</var>
<arg>AddData</arg>
<arg>${Pathpara}</arg>
<arg>json=${body}</arg>
<arg>headers=${header}</arg>
<doc>Sends a POST request on a previously created HTTP Session.</doc>
<msg timestamp="20221128 01:26:36.917" level="INFO">POST Request : url=https://restful-booker.herokuapp.com/booking 
 path_url=/booking 
 headers={'User-Agent': 'python-requests/2.28.1', 'Accept-Encoding': 'gzip, deflate', 'Accept': '*/*', 'Connection': 'keep-alive', 'Content-Type': 'application/json', 'Content-Length': '207'} 
 body=b'{"firstname": "Mudassir", "lastname": "Sayyed", "totalprice": "1500", "depositpaid": "700", "additionalneeds": "Dinner", "bookingdates": {"checkin": "2022-12-14 00:00:00", "checkout": "2022-12-15 00:00:00"}}' 
 </msg>
<msg timestamp="20221128 01:26:36.917" level="INFO">POST Response : url=https://restful-booker.herokuapp.com/booking 
 status=200, reason=OK 
 headers={'Server': 'Cowboy', 'Connection': 'keep-alive', 'X-Powered-By': 'Express', 'Content-Type': 'application/json; charset=utf-8', 'Content-Length': '200', 'Etag': 'W/"c8-aoy4KG5QvdQGoosMTUuVxqg8HQI"', 'Date': 'Mon, 28 Nov 2022 09:26:36 GMT', 'Via': '1.1 vegur'} 
 body={"bookingid":683,"booking":{"firstname":"Mudassir","lastname":"Sayyed","totalprice":1500,"depositpaid":true,"bookingdates":{"checkin":"2022-12-14","checkout":"2022-12-15"},"additionalneeds":"Dinner"}} 
 </msg>
<msg timestamp="20221128 01:26:36.917" level="INFO">c:\users\sony\appdata\local\programs\python\python38\lib\site-packages\urllib3\connectionpool.py:1045: InsecureRequestWarning: Unverified HTTPS request is being made to host 'restful-booker.herokuapp.com'. Adding certificate verification is strongly advised. See: https://urllib3.readthedocs.io/en/1.26.x/advanced-usage.html#ssl-warnings
  warnings.warn(</msg>
<msg timestamp="20221128 01:26:36.917" level="INFO">${response} = &lt;Response [200]&gt;</msg>
<status status="PASS" starttime="20221128 01:26:36.667" endtime="20221128 01:26:36.917"/>
</kw>
<kw name="Log To Console" library="BuiltIn">
<arg>${response.status_code}</arg>
<doc>Logs the given message to the console.</doc>
<status status="PASS" starttime="20221128 01:26:36.918" endtime="20221128 01:26:36.919"/>
</kw>
<kw name="Log To Console" library="BuiltIn">
<arg>${response.content}</arg>
<doc>Logs the given message to the console.</doc>
<status status="PASS" starttime="20221128 01:26:36.920" endtime="20221128 01:26:36.921"/>
</kw>
<status status="PASS" starttime="20221128 01:26:36.663" endtime="20221128 01:26:36.921"/>
</kw>
<status status="PASS" starttime="20221128 01:26:36.660" endtime="20221128 01:26:36.921"/>
</test>
<test id="s1-t4" name="Create_Booking" line="11">
<kw name="PostMethod">
<arg>Kondhwa</arg>
<arg>Khurd</arg>
<arg>30200</arg>
<arg>15400</arg>
<arg>Heavy</arg>
<arg>2022-12-16 00:00:00</arg>
<arg>2022-12-18 00:00:00</arg>
<kw name="Create Dictionary" library="BuiltIn">
<var>${bookingdates}</var>
<arg>checkin=${checkin}</arg>
<arg>checkout=${checkout}</arg>
<doc>Creates and returns a dictionary based on the given ``items``.</doc>
<msg timestamp="20221128 01:26:36.927" level="INFO">${bookingdates} = {'checkin': '2022-12-16 00:00:00', 'checkout': '2022-12-18 00:00:00'}</msg>
<status status="PASS" starttime="20221128 01:26:36.926" endtime="20221128 01:26:36.927"/>
</kw>
<kw name="Create Dictionary" library="BuiltIn">
<var>${body}</var>
<arg>firstname=${firstname}</arg>
<arg>lastname=${lastname}</arg>
<arg>totalprice=${totalprice}</arg>
<arg>depositpaid=${depositpaid}</arg>
<arg>additionalneeds=${additionalneeds}</arg>
<arg>bookingdates=${bookingdates}</arg>
<doc>Creates and returns a dictionary based on the given ``items``.</doc>
<msg timestamp="20221128 01:26:36.929" level="INFO">${body} = {'firstname': 'Kondhwa', 'lastname': 'Khurd', 'totalprice': '30200', 'depositpaid': '15400', 'additionalneeds': 'Heavy', 'bookingdates': {'checkin': '2022-12-16 00:00:00', 'checkout': '2022-12-18 00:0...</msg>
<status status="PASS" starttime="20221128 01:26:36.927" endtime="20221128 01:26:36.929"/>
</kw>
<kw name="Create Dictionary" library="BuiltIn">
<var>${header}</var>
<arg>Content-Type=application/json</arg>
<doc>Creates and returns a dictionary based on the given ``items``.</doc>
<msg timestamp="20221128 01:26:36.931" level="INFO">${header} = {'Content-Type': 'application/json'}</msg>
<status status="PASS" starttime="20221128 01:26:36.930" endtime="20221128 01:26:36.931"/>
</kw>
<kw name="POST On Session" library="RequestsLibrary">
<var>${response}</var>
<arg>AddData</arg>
<arg>${Pathpara}</arg>
<arg>json=${body}</arg>
<arg>headers=${header}</arg>
<doc>Sends a POST request on a previously created HTTP Session.</doc>
<msg timestamp="20221128 01:26:37.176" level="INFO">POST Request : url=https://restful-booker.herokuapp.com/booking 
 path_url=/booking 
 headers={'User-Agent': 'python-requests/2.28.1', 'Accept-Encoding': 'gzip, deflate', 'Accept': '*/*', 'Connection': 'keep-alive', 'Content-Type': 'application/json', 'Content-Length': '207'} 
 body=b'{"firstname": "Kondhwa", "lastname": "Khurd", "totalprice": "30200", "depositpaid": "15400", "additionalneeds": "Heavy", "bookingdates": {"checkin": "2022-12-16 00:00:00", "checkout": "2022-12-18 00:00:00"}}' 
 </msg>
<msg timestamp="20221128 01:26:37.177" level="INFO">POST Response : url=https://restful-booker.herokuapp.com/booking 
 status=200, reason=OK 
 headers={'Server': 'Cowboy', 'Connection': 'keep-alive', 'X-Powered-By': 'Express', 'Content-Type': 'application/json; charset=utf-8', 'Content-Length': '198', 'Etag': 'W/"c6-wCaG+thCogcGPQi877YJCdJlbLk"', 'Date': 'Mon, 28 Nov 2022 09:26:36 GMT', 'Via': '1.1 vegur'} 
 body={"bookingid":684,"booking":{"firstname":"Kondhwa","lastname":"Khurd","totalprice":30200,"depositpaid":true,"bookingdates":{"checkin":"2022-12-16","checkout":"2022-12-18"},"additionalneeds":"Heavy"}} 
 </msg>
<msg timestamp="20221128 01:26:37.177" level="INFO">c:\users\sony\appdata\local\programs\python\python38\lib\site-packages\urllib3\connectionpool.py:1045: InsecureRequestWarning: Unverified HTTPS request is being made to host 'restful-booker.herokuapp.com'. Adding certificate verification is strongly advised. See: https://urllib3.readthedocs.io/en/1.26.x/advanced-usage.html#ssl-warnings
  warnings.warn(</msg>
<msg timestamp="20221128 01:26:37.177" level="INFO">${response} = &lt;Response [200]&gt;</msg>
<status status="PASS" starttime="20221128 01:26:36.931" endtime="20221128 01:26:37.177"/>
</kw>
<kw name="Log To Console" library="BuiltIn">
<arg>${response.status_code}</arg>
<doc>Logs the given message to the console.</doc>
<status status="PASS" starttime="20221128 01:26:37.178" endtime="20221128 01:26:37.180"/>
</kw>
<kw name="Log To Console" library="BuiltIn">
<arg>${response.content}</arg>
<doc>Logs the given message to the console.</doc>
<status status="PASS" starttime="20221128 01:26:37.180" endtime="20221128 01:26:37.181"/>
</kw>
<status status="PASS" starttime="20221128 01:26:36.925" endtime="20221128 01:26:37.182"/>
</kw>
<status status="PASS" starttime="20221128 01:26:36.922" endtime="20221128 01:26:37.182"/>
</test>
<status status="PASS" starttime="20221128 01:26:32.061" endtime="20221128 01:26:37.183"/>
</suite>
<statistics>
<total>
<stat pass="4" fail="0" skip="0">All Tests</stat>
</total>
<tag>
</tag>
<suite>
<stat pass="4" fail="0" skip="0" id="s1" name="CreateBooking">CreateBooking</stat>
</suite>
</statistics>
<errors>
<msg timestamp="20221128 01:26:36.386" level="WARN">Multiple tests with name 'Create_Booking' executed in suite 'CreateBooking'.</msg>
<msg timestamp="20221128 01:26:36.660" level="WARN">Multiple tests with name 'Create_Booking' executed in suite 'CreateBooking'.</msg>
<msg timestamp="20221128 01:26:36.922" level="WARN">Multiple tests with name 'Create_Booking' executed in suite 'CreateBooking'.</msg>
</errors>
</robot>
